<?xml version="1.0" encoding="UTF-8"?>
<testng-results skipped="0" failed="0" total="1" passed="1">
  <reporter-output>
  </reporter-output>
  <suite name="Default suite" duration-ms="72730" started-at="2021-04-03T04:23:13Z" finished-at="2021-04-03T04:24:26Z">
    <groups>
    </groups>
    <test name="Default test" duration-ms="72730" started-at="2021-04-03T04:23:13Z" finished-at="2021-04-03T04:24:26Z">
      <class name="tests.Wahoo.Test1">
        <test-method status="PASS" signature="setup()[pri:0, instance:tests.Wahoo.Test1@2a18f23c]" name="setup" is-config="true" duration-ms="11001" started-at="2021-04-03T00:23:13Z" finished-at="2021-04-03T00:23:24Z">
          <reporter-output>
          </reporter-output>
        </test-method> <!-- setup -->
        <test-method status="PASS" signature="loginTest()[pri:0, instance:tests.Wahoo.Test1@2a18f23c]" name="loginTest" duration-ms="60531" started-at="2021-04-03T00:23:24Z" finished-at="2021-04-03T00:24:25Z">
          <reporter-output>
          </reporter-output>
        </test-method> <!-- loginTest -->
        <test-method status="PASS" signature="closeDriver()[pri:0, instance:tests.Wahoo.Test1@2a18f23c]" name="closeDriver" is-config="true" duration-ms="1181" started-at="2021-04-03T00:24:25Z" finished-at="2021-04-03T00:24:26Z">
          <reporter-output>
          </reporter-output>
        </test-method> <!-- closeDriver -->
      </class> <!-- tests.Wahoo.Test1 -->
    </test> <!-- Default test -->
  </suite> <!-- Default suite -->
</testng-results>
